<?xml version="1.0" encoding="UTF-8"?>
<!-- Generated by org.testng.reporters.JUnitXMLReporter -->
<testsuite ignored="0" hostname="Chinni" failures="0" tests="7" name="Test" time="147.105" errors="0" timestamp="2024-08-27T20:37:42 IST">
  <testcase classname="testCases.TC001_AccountRegistrationTest" name="verify_account_registration" time="2.463"/>
  <testcase classname="testCases.TC002_LoginTest" name="verify_login" time="1.625"/>
  <testcase classname="testCases.TC003_LoginDDT" name="verify_loginDDT" time="3.603"/>
  <testcase classname="testCases.TC003_LoginDDT" name="verify_loginDDT" time="12.768"/>
  <testcase classname="testCases.TC003_LoginDDT" name="verify_loginDDT" time="14.394"/>
  <testcase classname="testCases.TC003_LoginDDT" name="verify_loginDDT" time="5.045"/>
  <testcase classname="testCases.TC004_BrokenLinksPage" name="verify_brokenlinks" time="84.923"/>
</testsuite> <!-- Test -->
