<?xml version="1.0" encoding="UTF-8"?>
<!-- Generated by org.testng.reporters.JUnitXMLReporter -->
<testsuite ignored="1" hostname="Chinni" failures="1" tests="1" name="Test" time="0.051" errors="0" timestamp="2024-08-20T13:18:11 IST">
  <testcase classname="testCases.TC002_LoginTest" name="verify_login" time="0.008">
    <failure type="java.lang.NullPointerException" message="Cannot invoke &amp;quot;org.apache.logging.log4j.Logger.info(String)&amp;quot; because &amp;quot;this.logger&amp;quot; is null">
      <![CDATA[java.lang.NullPointerException: Cannot invoke "org.apache.logging.log4j.Logger.info(String)" because "this.logger" is null
at testCases.TC002_LoginTest.verify_login(TC002_LoginTest.java:14)
at java.base/java.util.ArrayList.forEach(ArrayList.java:1511)
... Removed 25 stack frames]]>
    </failure>
  </testcase> <!-- verify_login -->
  <testcase classname="testCases.TC001_AccountRegistrationTest" name="verify_account_registration" time="0.0">
    <ignored/>
  </testcase> <!-- verify_account_registration -->
</testsuite> <!-- Test -->
