<?xml version="1.0" encoding="UTF-8"?>
<testsuite xmlns:xsi="http://www.w3.org/2001/XMLSchema-instance" xsi:noNamespaceSchemaLocation="https://maven.apache.org/surefire/maven-surefire-plugin/xsd/surefire-test-report.xsd" version="3.0.2" name="TestSuite" time="150.502" tests="7" errors="0" skipped="0" failures="0">
  <properties>
[...]
</properties>
  <testcase name="verify_account_registration" classname="testCases.TC001_AccountRegistrationTest" time="2.481">
    <system-out><![CDATA[ERROR StatusConsoleListener Unrecognized format specifier []
ERROR StatusConsoleListener Empty conversion specifier starting at position 33 in conversion pattern.
]]></system-out>
    <system-err><![CDATA[Aug 27, 2024 8:35:19 PM org.openqa.selenium.devtools.CdpVersionFinder findNearestMatch
WARNING: Unable to find an exact match for CDP version 128, returning the closest version; found: 127; Please update to a Selenium version that supports CDP version 128
]]></system-err>
  </testcase>
  <testcase name="verify_login" classname="testCases.TC002_LoginTest" time="1.627">
    <system-err><![CDATA[Aug 27, 2024 8:35:25 PM org.openqa.selenium.devtools.CdpVersionFinder findNearestMatch
WARNING: Unable to find an exact match for CDP version 128, returning the closest version; found: 127; Please update to a Selenium version that supports CDP version 128
]]></system-err>
  </testcase>
  <testcase name="verify_loginDDT[pavanoltraining@gmail.com, test@123, valid](1)" classname="testCases.TC003_LoginDDT" time="3.603">
    <system-err><![CDATA[Aug 27, 2024 8:35:30 PM org.openqa.selenium.devtools.CdpVersionFinder findNearestMatch
WARNING: Unable to find an exact match for CDP version 128, returning the closest version; found: 127; Please update to a Selenium version that supports CDP version 128
]]></system-err>
  </testcase>
  <testcase name="verify_loginDDT[lakshmi@yahoo.com, laxmi, invalid](2)" classname="testCases.TC003_LoginDDT" time="12.768"/>
  <testcase name="verify_loginDDT[laksh@yahoo.com, lakshmi, invalid](3)" classname="testCases.TC003_LoginDDT" time="14.391"/>
  <testcase name="verify_loginDDT[abc123@gmail.com, test@123, valid](4)" classname="testCases.TC003_LoginDDT" time="5.045"/>
  <testcase name="verify_brokenlinks" classname="testCases.TC004_BrokenLinksPage" time="84.921">
    <system-err><![CDATA[Aug 27, 2024 8:36:12 PM org.openqa.selenium.devtools.CdpVersionFinder findNearestMatch
WARNING: Unable to find an exact match for CDP version 128, returning the closest version; found: 127; Please update to a Selenium version that supports CDP version 128
]]></system-err>
  </testcase>
</testsuite>