<?xml version="1.0" encoding="UTF-8"?>
<testng-results ignored="0" total="7" passed="7" failed="0" skipped="0">
  <reporter-output>
  </reporter-output>
  <suite started-at="2024-08-27T20:35:13 IST" name="master suite" finished-at="2024-08-27T20:37:40 IST" duration-ms="147105">
    <groups>
      <group name="Master">
        <method signature="TC001_AccountRegistrationTest.verify_account_registration()[pri:0, instance:testCases.TC001_AccountRegistrationTest@2c5529ab]" name="verify_account_registration" class="testCases.TC001_AccountRegistrationTest"/>
        <method signature="TC002_LoginTest.verify_login()[pri:0, instance:testCases.TC002_LoginTest@3700ec9c]" name="verify_login" class="testCases.TC002_LoginTest"/>
        <method signature="TC003_LoginDDT.verify_loginDDT(java.lang.String,java.lang.String,java.lang.String)[pri:0, instance:testCases.TC003_LoginDDT@2002348]" name="verify_loginDDT" class="testCases.TC003_LoginDDT"/>
        <method signature="TC004_BrokenLinksPage.verify_brokenlinks()[pri:0, instance:testCases.TC004_BrokenLinksPage@5911e990]" name="verify_brokenlinks" class="testCases.TC004_BrokenLinksPage"/>
      </group> <!-- Master -->
      <group name="Sanity">
        <method signature="TC001_AccountRegistrationTest.verify_account_registration()[pri:0, instance:testCases.TC001_AccountRegistrationTest@2c5529ab]" name="verify_account_registration" class="testCases.TC001_AccountRegistrationTest"/>
        <method signature="TC002_LoginTest.verify_login()[pri:0, instance:testCases.TC002_LoginTest@3700ec9c]" name="verify_login" class="testCases.TC002_LoginTest"/>
        <method signature="TC004_BrokenLinksPage.verify_brokenlinks()[pri:0, instance:testCases.TC004_BrokenLinksPage@5911e990]" name="verify_brokenlinks" class="testCases.TC004_BrokenLinksPage"/>
      </group> <!-- Sanity -->
      <group name="Regression">
        <method signature="TC001_AccountRegistrationTest.verify_account_registration()[pri:0, instance:testCases.TC001_AccountRegistrationTest@2c5529ab]" name="verify_account_registration" class="testCases.TC001_AccountRegistrationTest"/>
      </group> <!-- Regression -->
      <group name="Datadriven">
        <method signature="TC003_LoginDDT.verify_loginDDT(java.lang.String,java.lang.String,java.lang.String)[pri:0, instance:testCases.TC003_LoginDDT@2002348]" name="verify_loginDDT" class="testCases.TC003_LoginDDT"/>
      </group> <!-- Datadriven -->
    </groups>
    <test started-at="2024-08-27T20:35:13 IST" name="Test" finished-at="2024-08-27T20:37:40 IST" duration-ms="147105">
      <class name="testCases.TC004_BrokenLinksPage">
        <test-method is-config="true" signature="setup(java.lang.String,java.lang.String)[pri:0, instance:testCases.TC004_BrokenLinksPage@5911e990]" started-at="2024-08-27T20:36:11 IST" name="setup" finished-at="2024-08-27T20:36:15 IST" duration-ms="4444" status="PASS">
          <params>
            <param index="0">
              <value>
                <![CDATA[Windows]]>
              </value>
            </param>
            <param index="1">
              <value>
                <![CDATA[Chrome]]>
              </value>
            </param>
          </params>
          <reporter-output>
          </reporter-output>
        </test-method> <!-- setup -->
        <test-method signature="verify_brokenlinks()[pri:0, instance:testCases.TC004_BrokenLinksPage@5911e990]" started-at="2024-08-27T20:36:15 IST" name="verify_brokenlinks" finished-at="2024-08-27T20:37:40 IST" duration-ms="84923" status="PASS">
          <reporter-output>
          </reporter-output>
        </test-method> <!-- verify_brokenlinks -->
        <test-method is-config="true" signature="tearDown()[pri:0, instance:testCases.TC004_BrokenLinksPage@5911e990]" started-at="2024-08-27T20:37:40 IST" name="tearDown" finished-at="2024-08-27T20:37:40 IST" duration-ms="394" status="PASS">
          <reporter-output>
          </reporter-output>
        </test-method> <!-- tearDown -->
      </class> <!-- testCases.TC004_BrokenLinksPage -->
      <class name="testCases.TC002_LoginTest">
        <test-method is-config="true" signature="setup(java.lang.String,java.lang.String)[pri:0, instance:testCases.TC002_LoginTest@3700ec9c]" started-at="2024-08-27T20:35:24 IST" name="setup" finished-at="2024-08-27T20:35:27 IST" duration-ms="3508" status="PASS">
          <params>
            <param index="0">
              <value>
                <![CDATA[Windows]]>
              </value>
            </param>
            <param index="1">
              <value>
                <![CDATA[Chrome]]>
              </value>
            </param>
          </params>
          <reporter-output>
          </reporter-output>
        </test-method> <!-- setup -->
        <test-method signature="verify_login()[pri:0, instance:testCases.TC002_LoginTest@3700ec9c]" started-at="2024-08-27T20:35:27 IST" name="verify_login" finished-at="2024-08-27T20:35:29 IST" duration-ms="1625" status="PASS">
          <reporter-output>
          </reporter-output>
        </test-method> <!-- verify_login -->
        <test-method is-config="true" signature="tearDown()[pri:0, instance:testCases.TC002_LoginTest@3700ec9c]" started-at="2024-08-27T20:35:29 IST" name="tearDown" finished-at="2024-08-27T20:35:29 IST" duration-ms="244" status="PASS">
          <reporter-output>
          </reporter-output>
        </test-method> <!-- tearDown -->
      </class> <!-- testCases.TC002_LoginTest -->
      <class name="testCases.TC003_LoginDDT">
        <test-method is-config="true" signature="setup(java.lang.String,java.lang.String)[pri:0, instance:testCases.TC003_LoginDDT@2002348]" started-at="2024-08-27T20:35:29 IST" name="setup" finished-at="2024-08-27T20:35:33 IST" duration-ms="4193" status="PASS">
          <params>
            <param index="0">
              <value>
                <![CDATA[Windows]]>
              </value>
            </param>
            <param index="1">
              <value>
                <![CDATA[Chrome]]>
              </value>
            </param>
          </params>
          <reporter-output>
          </reporter-output>
        </test-method> <!-- setup -->
        <test-method signature="verify_loginDDT(java.lang.String,java.lang.String,java.lang.String)[pri:0, instance:testCases.TC003_LoginDDT@2002348]" started-at="2024-08-27T20:35:35 IST" name="verify_loginDDT" data-provider="LoginData" finished-at="2024-08-27T20:35:38 IST" duration-ms="3603" status="PASS">
          <params>
            <param index="0">
              <value>
                <![CDATA[pavanoltraining@gmail.com]]>
              </value>
            </param>
            <param index="1">
              <value>
                <![CDATA[test@123]]>
              </value>
            </param>
            <param index="2">
              <value>
                <![CDATA[valid]]>
              </value>
            </param>
          </params>
          <reporter-output>
          </reporter-output>
        </test-method> <!-- verify_loginDDT -->
        <test-method signature="verify_loginDDT(java.lang.String,java.lang.String,java.lang.String)[pri:0, instance:testCases.TC003_LoginDDT@2002348]" started-at="2024-08-27T20:35:38 IST" name="verify_loginDDT" data-provider="LoginData" finished-at="2024-08-27T20:35:51 IST" duration-ms="12768" status="PASS">
          <params>
            <param index="0">
              <value>
                <![CDATA[lakshmi@yahoo.com]]>
              </value>
            </param>
            <param index="1">
              <value>
                <![CDATA[laxmi]]>
              </value>
            </param>
            <param index="2">
              <value>
                <![CDATA[invalid]]>
              </value>
            </param>
          </params>
          <reporter-output>
          </reporter-output>
        </test-method> <!-- verify_loginDDT -->
        <test-method signature="verify_loginDDT(java.lang.String,java.lang.String,java.lang.String)[pri:0, instance:testCases.TC003_LoginDDT@2002348]" started-at="2024-08-27T20:35:51 IST" name="verify_loginDDT" data-provider="LoginData" finished-at="2024-08-27T20:36:05 IST" duration-ms="14394" status="PASS">
          <params>
            <param index="0">
              <value>
                <![CDATA[laksh@yahoo.com]]>
              </value>
            </param>
            <param index="1">
              <value>
                <![CDATA[lakshmi]]>
              </value>
            </param>
            <param index="2">
              <value>
                <![CDATA[invalid]]>
              </value>
            </param>
          </params>
          <reporter-output>
          </reporter-output>
        </test-method> <!-- verify_loginDDT -->
        <test-method signature="verify_loginDDT(java.lang.String,java.lang.String,java.lang.String)[pri:0, instance:testCases.TC003_LoginDDT@2002348]" started-at="2024-08-27T20:36:05 IST" name="verify_loginDDT" data-provider="LoginData" finished-at="2024-08-27T20:36:10 IST" duration-ms="5045" status="PASS">
          <params>
            <param index="0">
              <value>
                <![CDATA[abc123@gmail.com]]>
              </value>
            </param>
            <param index="1">
              <value>
                <![CDATA[test@123]]>
              </value>
            </param>
            <param index="2">
              <value>
                <![CDATA[valid]]>
              </value>
            </param>
          </params>
          <reporter-output>
          </reporter-output>
        </test-method> <!-- verify_loginDDT -->
        <test-method is-config="true" signature="tearDown()[pri:0, instance:testCases.TC003_LoginDDT@2002348]" started-at="2024-08-27T20:36:10 IST" name="tearDown" finished-at="2024-08-27T20:36:11 IST" duration-ms="314" status="PASS">
          <reporter-output>
          </reporter-output>
        </test-method> <!-- tearDown -->
      </class> <!-- testCases.TC003_LoginDDT -->
      <class name="testCases.TC001_AccountRegistrationTest">
        <test-method is-config="true" signature="setup(java.lang.String,java.lang.String)[pri:0, instance:testCases.TC001_AccountRegistrationTest@2c5529ab]" started-at="2024-08-27T20:35:14 IST" name="setup" finished-at="2024-08-27T20:35:21 IST" duration-ms="7334" status="PASS">
          <params>
            <param index="0">
              <value>
                <![CDATA[Windows]]>
              </value>
            </param>
            <param index="1">
              <value>
                <![CDATA[Chrome]]>
              </value>
            </param>
          </params>
          <reporter-output>
          </reporter-output>
        </test-method> <!-- setup -->
        <test-method signature="verify_account_registration()[pri:0, instance:testCases.TC001_AccountRegistrationTest@2c5529ab]" started-at="2024-08-27T20:35:21 IST" name="verify_account_registration" finished-at="2024-08-27T20:35:23 IST" duration-ms="2463" status="PASS">
          <reporter-output>
          </reporter-output>
        </test-method> <!-- verify_account_registration -->
        <test-method is-config="true" signature="tearDown()[pri:0, instance:testCases.TC001_AccountRegistrationTest@2c5529ab]" started-at="2024-08-27T20:35:23 IST" name="tearDown" finished-at="2024-08-27T20:35:24 IST" duration-ms="221" status="PASS">
          <reporter-output>
          </reporter-output>
        </test-method> <!-- tearDown -->
      </class> <!-- testCases.TC001_AccountRegistrationTest -->
    </test> <!-- Test -->
  </suite> <!-- master suite -->
</testng-results>
