<?xml version="1.0" encoding="UTF-8"?>
<testng-results ignored="0" total="1" passed="1" failed="0" skipped="0">
  <reporter-output>
  </reporter-output>
  <suite started-at="2024-08-25T17:46:10 IST" name="grouping-suite" finished-at="2024-08-25T17:47:17 IST" duration-ms="67352">
    <groups>
      <group name="Sanity">
        <method signature="TC004_BrokenLinksPage.verify_brokenlinks()[pri:0, instance:testCases.TC004_BrokenLinksPage@58ffcbd7]" name="verify_brokenlinks" class="testCases.TC004_BrokenLinksPage"/>
      </group> <!-- Sanity -->
    </groups>
    <test started-at="2024-08-25T17:46:10 IST" name="grouping-test" finished-at="2024-08-25T17:47:17 IST" duration-ms="67352">
      <class name="testCases.TC004_BrokenLinksPage">
        <test-method is-config="true" signature="setup(java.lang.String,java.lang.String)[pri:0, instance:testCases.TC004_BrokenLinksPage@58ffcbd7]" started-at="2024-08-25T17:46:10 IST" name="setup" finished-at="2024-08-25T17:46:14 IST" duration-ms="3752" status="PASS">
          <params>
            <param index="0">
              <value>
                <![CDATA[Windows]]>
              </value>
            </param>
            <param index="1">
              <value>
                <![CDATA[chrome]]>
              </value>
            </param>
          </params>
          <reporter-output>
          </reporter-output>
        </test-method> <!-- setup -->
        <test-method signature="verify_brokenlinks()[pri:0, instance:testCases.TC004_BrokenLinksPage@58ffcbd7]" started-at="2024-08-25T17:46:14 IST" name="verify_brokenlinks" finished-at="2024-08-25T17:47:17 IST" duration-ms="62978" status="PASS">
          <reporter-output>
          </reporter-output>
        </test-method> <!-- verify_brokenlinks -->
        <test-method is-config="true" signature="tearDown()[pri:0, instance:testCases.TC004_BrokenLinksPage@58ffcbd7]" started-at="2024-08-25T17:47:17 IST" name="tearDown" finished-at="2024-08-25T17:47:17 IST" duration-ms="317" status="PASS">
          <reporter-output>
          </reporter-output>
        </test-method> <!-- tearDown -->
      </class> <!-- testCases.TC004_BrokenLinksPage -->
    </test> <!-- grouping-test -->
  </suite> <!-- grouping-suite -->
</testng-results>
